Started GET "/" for ::1 at 2022-04-12 14:27:21 +0200
  [1m[35m (4.2ms)[0m  [1m[34mSELECT sqlite_version(*)[0m
Processing by Rails::WelcomeController#index as HTML
  Rendering /home/g/.rbenv/versions/3.1.1/lib/ruby/gems/3.1.0/gems/railties-7.0.2.3/lib/rails/templates/rails/welcome/index.html.erb
  Rendered /home/g/.rbenv/versions/3.1.1/lib/ruby/gems/3.1.0/gems/railties-7.0.2.3/lib/rails/templates/rails/welcome/index.html.erb (Duration: 13.1ms | Allocations: 634)
Completed 200 OK in 62ms (Views: 30.4ms | ActiveRecord: 0.0ms | Allocations: 4931)


Started GET "/" for ::1 at 2022-04-12 14:31:09 +0200
  [1m[35m (1.9ms)[0m  [1m[34mSELECT sqlite_version(*)[0m
Processing by Rails::WelcomeController#index as HTML
  Rendering /home/g/.rbenv/versions/3.1.1/lib/ruby/gems/3.1.0/gems/railties-7.0.2.3/lib/rails/templates/rails/welcome/index.html.erb
  Rendered /home/g/.rbenv/versions/3.1.1/lib/ruby/gems/3.1.0/gems/railties-7.0.2.3/lib/rails/templates/rails/welcome/index.html.erb (Duration: 5.9ms | Allocations: 527)
Completed 200 OK in 32ms (Views: 14.6ms | ActiveRecord: 0.0ms | Allocations: 3602)


Started GET "/" for ::1 at 2022-04-12 14:33:59 +0200
  [1m[35m (1.9ms)[0m  [1m[34mSELECT sqlite_version(*)[0m
Processing by Rails::WelcomeController#index as HTML
  Rendering /home/g/.rbenv/versions/3.1.1/lib/ruby/gems/3.1.0/gems/railties-7.0.2.3/lib/rails/templates/rails/welcome/index.html.erb
  Rendered /home/g/.rbenv/versions/3.1.1/lib/ruby/gems/3.1.0/gems/railties-7.0.2.3/lib/rails/templates/rails/welcome/index.html.erb (Duration: 5.9ms | Allocations: 527)
Completed 200 OK in 29ms (Views: 13.6ms | ActiveRecord: 0.0ms | Allocations: 3602)


Started GET "/head" for ::1 at 2022-04-12 14:34:34 +0200
  [1m[35m (1.3ms)[0m  [1m[34mSELECT sqlite_version(*)[0m
Processing by HeadController#index as HTML
  Rendering layout layouts/application.html.erb
  Rendering head/index.html.erb within layouts/application
  Rendered head/index.html.erb within layouts/application (Duration: 1.7ms | Allocations: 334)
  Rendered layout layouts/application.html.erb (Duration: 761.5ms | Allocations: 86281)
Completed 200 OK in 782ms (Views: 769.0ms | ActiveRecord: 0.0ms | Allocations: 89513)


Started GET "/head" for ::1 at 2022-04-12 14:34:50 +0200
  [1m[35m (2.1ms)[0m  [1m[34mSELECT sqlite_version(*)[0m
Processing by HeadController#index as HTML
  Rendering layout layouts/application.html.erb
  Rendering head/index.html.erb within layouts/application
  Rendered head/index.html.erb within layouts/application (Duration: 3.0ms | Allocations: 334)
  Rendered layout layouts/application.html.erb (Duration: 138.7ms | Allocations: 34775)
Completed 200 OK in 160ms (Views: 147.3ms | ActiveRecord: 0.0ms | Allocations: 38005)


Started GET "/head" for ::1 at 2022-04-12 14:34:59 +0200
Processing by HeadController#index as HTML
  Rendering layout layouts/application.html.erb
  Rendering head/index.html.erb within layouts/application
  Rendered head/index.html.erb within layouts/application (Duration: 1.5ms | Allocations: 147)
  Rendered layout layouts/application.html.erb (Duration: 16.7ms | Allocations: 2802)
Completed 200 OK in 30ms (Views: 28.0ms | ActiveRecord: 0.0ms | Allocations: 3691)


Started GET "/head" for ::1 at 2022-04-12 14:36:20 +0200
  
ActionController::RoutingError (No route matches [GET] "/head"):
  
Started GET "/" for ::1 at 2022-04-12 14:36:24 +0200
Processing by HeadController#index as HTML
  Rendering layout layouts/application.html.erb
  Rendering head/index.html.erb within layouts/application
  Rendered head/index.html.erb within layouts/application (Duration: 0.2ms | Allocations: 26)
  Rendered layout layouts/application.html.erb (Duration: 60.4ms | Allocations: 13678)
Completed 200 OK in 65ms (Views: 64.5ms | Allocations: 14315)


Started GET "/" for ::1 at 2022-04-12 14:42:40 +0200
Processing by HeadController#index as HTML
  Rendering layout layouts/application.html.erb
  Rendering head/index.html.erb within layouts/application
  Rendered head/index.html.erb within layouts/application (Duration: 1.7ms | Allocations: 150)
  Rendered layout layouts/application.html.erb (Duration: 13.1ms | Allocations: 2817)
Completed 200 OK in 20ms (Views: 17.8ms | Allocations: 3685)


Started GET "/" for ::1 at 2022-04-12 14:43:18 +0200
Processing by HeadController#index as HTML
  Rendering layout layouts/application.html.erb
  Rendering head/index.html.erb within layouts/application
  Rendered head/index.html.erb within layouts/application (Duration: 1.1ms | Allocations: 150)
  Rendered layout layouts/application.html.erb (Duration: 13.5ms | Allocations: 2814)
Completed 200 OK in 22ms (Views: 18.5ms | Allocations: 3660)


Started GET "/" for ::1 at 2022-04-12 14:43:38 +0200
Processing by HeadController#index as HTML
  Rendering layout layouts/application.html.erb
  Rendering head/index.html.erb within layouts/application
  Rendered head/index.html.erb within layouts/application (Duration: 1.2ms | Allocations: 150)
  Rendered layout layouts/application.html.erb (Duration: 14.4ms | Allocations: 2809)
Completed 200 OK in 20ms (Views: 18.4ms | Allocations: 3646)


Started GET "/" for ::1 at 2022-04-12 14:44:14 +0200
Processing by HeadController#index as HTML
  Rendering layout layouts/application.html.erb
  Rendering head/index.html.erb within layouts/application
  Rendered head/index.html.erb within layouts/application (Duration: 0.9ms | Allocations: 150)
  Rendered layout layouts/application.html.erb (Duration: 17.3ms | Allocations: 2804)
Completed 200 OK in 26ms (Views: 23.9ms | Allocations: 3640)


Started GET "/" for ::1 at 2022-04-12 14:45:37 +0200
Processing by HeadController#index as HTML
  Rendering layout layouts/application.html.erb
  Rendering head/index.html.erb within layouts/application
  Rendered head/index.html.erb within layouts/application (Duration: 0.1ms | Allocations: 18)
  Rendered layout layouts/application.html.erb (Duration: 34.7ms | Allocations: 5749)
Completed 200 OK in 37ms (Views: 36.3ms | Allocations: 6031)


Started GET "/" for ::1 at 2022-04-12 14:47:05 +0200
Processing by HeadController#index as HTML
  Rendering layout layouts/application.html.erb
  Rendering head/index.html.erb within layouts/application
  Rendered head/index.html.erb within layouts/application (Duration: 2.5ms | Allocations: 150)
  Rendered layout layouts/application.html.erb (Duration: 30.7ms | Allocations: 5353)
Completed 200 OK in 41ms (Views: 37.6ms | Allocations: 6171)


Started GET "/" for ::1 at 2022-04-12 14:48:51 +0200
Processing by HeadController#index as HTML
  Rendering layout layouts/application.html.erb
  Rendering head/index.html.erb within layouts/application
  Rendered head/index.html.erb within layouts/application (Duration: 1.5ms | Allocations: 158)
  Rendered layout layouts/application.html.erb (Duration: 58.8ms | Allocations: 5457)
Completed 200 OK in 66ms (Views: 64.3ms | Allocations: 6293)


Started GET "/" for ::1 at 2022-04-12 14:49:10 +0200
Processing by HeadController#index as HTML
  Rendering layout layouts/application.html.erb
  Rendering head/index.html.erb within layouts/application
  Rendered head/index.html.erb within layouts/application (Duration: 1.2ms | Allocations: 150)
  Rendered layout layouts/application.html.erb (Duration: 33.4ms | Allocations: 2864)
Completed 200 OK in 44ms (Views: 42.4ms | Allocations: 3700)


Started GET "/" for ::1 at 2022-04-12 14:49:27 +0200
Processing by HeadController#index as HTML
  Rendering layout layouts/application.html.erb
  Rendering head/index.html.erb within layouts/application
  Rendered head/index.html.erb within layouts/application (Duration: 0.3ms | Allocations: 18)
  Rendered layout layouts/application.html.erb (Duration: 29.4ms | Allocations: 4870)
Completed 200 OK in 33ms (Views: 31.5ms | Allocations: 5152)


Started GET "/" for ::1 at 2022-04-12 14:49:54 +0200
Processing by HeadController#index as HTML
  Rendering layout layouts/application.html.erb
  Rendering head/index.html.erb within layouts/application
  Rendered head/index.html.erb within layouts/application (Duration: 0.1ms | Allocations: 18)
  Rendered layout layouts/application.html.erb (Duration: 35.9ms | Allocations: 4768)
Completed 200 OK in 38ms (Views: 37.4ms | Allocations: 5032)


Started GET "/" for ::1 at 2022-04-12 14:50:43 +0200
Processing by HeadController#index as HTML
  Rendering layout layouts/application.html.erb
  Rendering head/index.html.erb within layouts/application
  Rendered head/index.html.erb within layouts/application (Duration: 0.2ms | Allocations: 18)
  Rendered layout layouts/application.html.erb (Duration: 38.8ms | Allocations: 4769)
Completed 200 OK in 42ms (Views: 41.7ms | Allocations: 5034)


Started GET "/" for ::1 at 2022-04-12 14:51:07 +0200
Processing by HeadController#index as HTML
  Rendering layout layouts/application.html.erb
  Rendering head/index.html.erb within layouts/application
  Rendered head/index.html.erb within layouts/application (Duration: 0.2ms | Allocations: 18)
  Rendered layout layouts/application.html.erb (Duration: 24.9ms | Allocations: 4775)
Completed 200 OK in 28ms (Views: 27.6ms | Allocations: 5039)


Started GET "/" for ::1 at 2022-04-12 14:52:16 +0200
Processing by HeadController#index as HTML
  Rendering layout layouts/application.html.erb
  Rendering head/index.html.erb within layouts/application
  Rendered head/index.html.erb within layouts/application (Duration: 2.1ms | Allocations: 156)
  Rendered layout layouts/application.html.erb (Duration: 14.7ms | Allocations: 2868)
Completed 200 OK in 22ms (Views: 19.5ms | Allocations: 3686)


Started GET "/" for ::1 at 2022-04-12 14:53:29 +0200
Processing by HeadController#index as HTML
  Rendering layout layouts/application.html.erb
  Rendering head/index.html.erb within layouts/application
  Rendered head/index.html.erb within layouts/application (Duration: 3.1ms | Allocations: 152)
  Rendered layout layouts/application.html.erb (Duration: 15.4ms | Allocations: 2866)
Completed 200 OK in 26ms (Views: 20.7ms | Allocations: 3703)


Started GET "/" for ::1 at 2022-04-12 14:55:26 +0200
Processing by HeadController#index as HTML
  Rendering layout layouts/application.html.erb
  Rendering head/index.html.erb within layouts/application
  Rendered head/index.html.erb within layouts/application (Duration: 2.2ms | Allocations: 160)
  Rendered layout layouts/application.html.erb (Duration: 30.9ms | Allocations: 5452)
Completed 200 OK in 39ms (Views: 37.8ms | Allocations: 6288)


Started GET "/" for ::1 at 2022-04-12 14:55:39 +0200
Processing by HeadController#index as HTML
  Rendering layout layouts/application.html.erb
  Rendering head/index.html.erb within layouts/application
  Rendered head/index.html.erb within layouts/application (Duration: 0.2ms | Allocations: 18)
  Rendered layout layouts/application.html.erb (Duration: 32.8ms | Allocations: 4768)
Completed 200 OK in 35ms (Views: 34.3ms | Allocations: 5050)


Started GET "/" for ::1 at 2022-04-12 14:55:56 +0200
Processing by HeadController#index as HTML
  Rendering layout layouts/application.html.erb
  Rendering head/index.html.erb within layouts/application
  Rendered head/index.html.erb within layouts/application (Duration: 0.2ms | Allocations: 18)
  Rendered layout layouts/application.html.erb (Duration: 39.9ms | Allocations: 4778)
Completed 200 OK in 43ms (Views: 41.8ms | Allocations: 5043)


Started GET "/" for ::1 at 2022-04-12 14:56:39 +0200
Processing by HeadController#index as HTML
  Rendering layout layouts/application.html.erb
  Rendering head/index.html.erb within layouts/application
  Rendered head/index.html.erb within layouts/application (Duration: 0.1ms | Allocations: 18)
  Rendered layout layouts/application.html.erb (Duration: 30.6ms | Allocations: 4781)
Completed 200 OK in 33ms (Views: 32.0ms | Allocations: 5045)


Started GET "/" for ::1 at 2022-04-12 14:56:48 +0200
Processing by HeadController#index as HTML
  Rendering layout layouts/application.html.erb
  Rendering head/index.html.erb within layouts/application
  Rendered head/index.html.erb within layouts/application (Duration: 1.1ms | Allocations: 18)
  Rendered layout layouts/application.html.erb (Duration: 34.5ms | Allocations: 4761)
Completed 200 OK in 36ms (Views: 35.7ms | Allocations: 5025)


Started GET "/" for ::1 at 2022-04-12 14:57:24 +0200
Processing by HeadController#index as HTML
  Rendering layout layouts/application.html.erb
  Rendering head/index.html.erb within layouts/application
  Rendered head/index.html.erb within layouts/application (Duration: 0.1ms | Allocations: 18)
  Rendered layout layouts/application.html.erb (Duration: 29.1ms | Allocations: 4768)
Completed 200 OK in 31ms (Views: 30.3ms | Allocations: 5032)


Started GET "/" for ::1 at 2022-04-12 14:59:36 +0200
Processing by HeadController#index as HTML
  Rendering layout layouts/application.html.erb
  Rendering head/index.html.erb within layouts/application
  Rendered head/index.html.erb within layouts/application (Duration: 1.3ms | Allocations: 176)
  Rendered layout layouts/application.html.erb (Duration: 14.6ms | Allocations: 2897)
Completed 200 OK in 21ms (Views: 19.3ms | Allocations: 3716)


Started GET "/" for ::1 at 2022-04-12 14:59:48 +0200
Processing by HeadController#index as HTML
  Rendering layout layouts/application.html.erb
  Rendering head/index.html.erb within layouts/application
  Rendered head/index.html.erb within layouts/application (Duration: 0.1ms | Allocations: 18)
  Rendered layout layouts/application.html.erb (Duration: 26.6ms | Allocations: 4837)
Completed 200 OK in 29ms (Views: 28.1ms | Allocations: 5119)


Started GET "/" for ::1 at 2022-04-12 15:00:02 +0200
Processing by HeadController#index as HTML
  Rendering layout layouts/application.html.erb
  Rendering head/index.html.erb within layouts/application
  Rendered head/index.html.erb within layouts/application (Duration: 0.1ms | Allocations: 18)
  Rendered layout layouts/application.html.erb (Duration: 12.8ms | Allocations: 2264)
Completed 200 OK in 15ms (Views: 14.3ms | Allocations: 2528)


Started GET "/" for ::1 at 2022-04-12 15:00:38 +0200
Processing by HeadController#index as HTML
  Rendering layout layouts/application.html.erb
  Rendering head/index.html.erb within layouts/application
  Rendered head/index.html.erb within layouts/application (Duration: 0.2ms | Allocations: 18)
  Rendered layout layouts/application.html.erb (Duration: 27.2ms | Allocations: 4759)
Completed 200 OK in 30ms (Views: 29.0ms | Allocations: 5023)


Started GET "/" for ::1 at 2022-04-12 15:01:09 +0200
Processing by HeadController#index as HTML
  Rendering layout layouts/application.html.erb
  Rendering head/index.html.erb within layouts/application
  Rendered head/index.html.erb within layouts/application (Duration: 0.1ms | Allocations: 18)
  Rendered layout layouts/application.html.erb (Duration: 39.0ms | Allocations: 4771)
Completed 200 OK in 41ms (Views: 40.2ms | Allocations: 5036)


Started GET "/" for ::1 at 2022-04-12 15:01:25 +0200
Processing by HeadController#index as HTML
  Rendering layout layouts/application.html.erb
  Rendering head/index.html.erb within layouts/application
  Rendered head/index.html.erb within layouts/application (Duration: 0.2ms | Allocations: 18)
  Rendered layout layouts/application.html.erb (Duration: 13.0ms | Allocations: 2332)
Completed 200 OK in 16ms (Views: 14.6ms | Allocations: 2597)


Started GET "/" for ::1 at 2022-04-12 15:03:25 +0200
Processing by HeadController#index as HTML
  Rendering layout layouts/application.html.erb
  Rendering head/index.html.erb within layouts/application
  Rendered head/index.html.erb within layouts/application (Duration: 0.2ms | Allocations: 18)
  Rendered layout layouts/application.html.erb (Duration: 31.7ms | Allocations: 4767)
Completed 200 OK in 34ms (Views: 33.4ms | Allocations: 5031)


Started GET "/" for ::1 at 2022-04-12 15:03:41 +0200
Processing by HeadController#index as HTML
  Rendering layout layouts/application.html.erb
  Rendering head/index.html.erb within layouts/application
  Rendered head/index.html.erb within layouts/application (Duration: 0.2ms | Allocations: 18)
  Rendered layout layouts/application.html.erb (Duration: 26.3ms | Allocations: 4766)
Completed 200 OK in 30ms (Views: 28.8ms | Allocations: 5031)


Started GET "/" for ::1 at 2022-04-12 15:05:13 +0200
Processing by HeadController#index as HTML
  Rendering layout layouts/application.html.erb
  Rendering head/index.html.erb within layouts/application
  Rendered head/index.html.erb within layouts/application (Duration: 0.2ms | Allocations: 18)
  Rendered layout layouts/application.html.erb (Duration: 8.9ms | Allocations: 2278)
Completed 200 OK in 11ms (Views: 10.6ms | Allocations: 2542)


Started GET "/" for ::1 at 2022-04-12 15:05:57 +0200
Processing by HeadController#index as HTML
  Rendering layout layouts/application.html.erb
  Rendering head/index.html.erb within layouts/application
  Rendered head/index.html.erb within layouts/application (Duration: 0.1ms | Allocations: 18)
  Rendered layout layouts/application.html.erb (Duration: 28.7ms | Allocations: 4770)
Completed 200 OK in 30ms (Views: 29.8ms | Allocations: 5035)


Started GET "/" for ::1 at 2022-04-12 15:25:57 +0200
Processing by HeadController#index as HTML
  Rendering layout layouts/application.html.erb
  Rendering head/index.html.erb within layouts/application
  Rendered head/index.html.erb within layouts/application (Duration: 0.2ms | Allocations: 18)
  Rendered layout layouts/application.html.erb (Duration: 31.8ms | Allocations: 4749)
Completed 200 OK in 37ms (Views: 33.7ms | Allocations: 5013)


Started GET "/" for ::1 at 2022-04-12 15:26:34 +0200
Processing by HeadController#index as HTML
  Rendering layout layouts/application.html.erb
  Rendering head/index.html.erb within layouts/application
  Rendered head/index.html.erb within layouts/application (Duration: 3.8ms | Allocations: 176)
  Rendered layout layouts/application.html.erb (Duration: 15.6ms | Allocations: 2911)
Completed 200 OK in 21ms (Views: 19.3ms | Allocations: 3729)


Started GET "/" for ::1 at 2022-04-12 15:29:09 +0200
Processing by HeadController#index as HTML
  Rendering layout layouts/application.html.erb
  Rendering head/index.html.erb within layouts/application
  Rendered head/index.html.erb within layouts/application (Duration: 0.1ms | Allocations: 18)
  Rendered layout layouts/application.html.erb (Duration: 35.0ms | Allocations: 4866)
Completed 200 OK in 37ms (Views: 36.3ms | Allocations: 5148)


Started GET "/" for ::1 at 2022-04-12 15:32:13 +0200
Processing by HeadController#index as HTML
  Rendering layout layouts/application.html.erb
  Rendering head/index.html.erb within layouts/application
  Rendered head/index.html.erb within layouts/application (Duration: 0.1ms | Allocations: 18)
  Rendered layout layouts/application.html.erb (Duration: 25.9ms | Allocations: 4782)
Completed 200 OK in 28ms (Views: 27.6ms | Allocations: 5046)


Started GET "/" for ::1 at 2022-04-12 15:33:38 +0200
Processing by HeadController#index as HTML
  Rendering layout layouts/application.html.erb
  Rendering head/index.html.erb within layouts/application
  Rendered head/index.html.erb within layouts/application (Duration: 3.0ms | Allocations: 175)
  Rendered layout layouts/application.html.erb (Duration: 33.7ms | Allocations: 5494)
Completed 200 OK in 41ms (Views: 39.8ms | Allocations: 6312)


Started GET "/" for ::1 at 2022-04-12 15:33:58 +0200
Processing by HeadController#index as HTML
  Rendering layout layouts/application.html.erb
  Rendering head/index.html.erb within layouts/application
  Rendered head/index.html.erb within layouts/application (Duration: 1.5ms | Allocations: 176)
  Rendered layout layouts/application.html.erb (Duration: 17.9ms | Allocations: 2896)
Completed 200 OK in 24ms (Views: 22.6ms | Allocations: 3732)


Started GET "/" for ::1 at 2022-04-12 15:34:12 +0200
Processing by HeadController#index as HTML
  Rendering layout layouts/application.html.erb
  Rendering head/index.html.erb within layouts/application
  Rendered head/index.html.erb within layouts/application (Duration: 2.5ms | Allocations: 176)
  Rendered layout layouts/application.html.erb (Duration: 20.7ms | Allocations: 2904)
Completed 200 OK in 31ms (Views: 29.3ms | Allocations: 3741)


Started GET "/" for ::1 at 2022-04-12 15:37:15 +0200
Processing by HeadController#index as HTML
  Rendering layout layouts/application.html.erb
  Rendering head/index.html.erb within layouts/application
  Rendered head/index.html.erb within layouts/application (Duration: 4.0ms | Allocations: 176)
  Rendered layout layouts/application.html.erb (Duration: 19.5ms | Allocations: 2917)
Completed 200 OK in 32ms (Views: 29.8ms | Allocations: 3754)


Started GET "/" for ::1 at 2022-04-12 15:38:43 +0200
Processing by HeadController#index as HTML
  Rendering layout layouts/application.html.erb
  Rendering head/index.html.erb within layouts/application
  Rendered head/index.html.erb within layouts/application (Duration: 2.2ms | Allocations: 180)
  Rendered layout layouts/application.html.erb (Duration: 17.5ms | Allocations: 2897)
Completed 200 OK in 28ms (Views: 26.3ms | Allocations: 3733)


Started GET "/" for ::1 at 2022-04-12 15:39:16 +0200
Processing by HeadController#index as HTML
  Rendering layout layouts/application.html.erb
  Rendering head/index.html.erb within layouts/application
  Rendered head/index.html.erb within layouts/application (Duration: 1.0ms | Allocations: 173)
  Rendered layout layouts/application.html.erb (Duration: 14.8ms | Allocations: 2893)
Completed 200 OK in 20ms (Views: 18.4ms | Allocations: 3729)


Started GET "/" for ::1 at 2022-04-12 15:39:31 +0200
Processing by HeadController#index as HTML
  Rendering layout layouts/application.html.erb
  Rendering head/index.html.erb within layouts/application
  Rendered head/index.html.erb within layouts/application (Duration: 1.0ms | Allocations: 177)
  Rendered layout layouts/application.html.erb (Duration: 27.1ms | Allocations: 2907)
Completed 200 OK in 32ms (Views: 30.9ms | Allocations: 3744)


Started GET "/" for ::1 at 2022-04-12 15:40:08 +0200
Processing by HeadController#index as HTML
  Rendering layout layouts/application.html.erb
  Rendering head/index.html.erb within layouts/application
  Rendered head/index.html.erb within layouts/application (Duration: 1.4ms | Allocations: 183)
  Rendered layout layouts/application.html.erb (Duration: 18.1ms | Allocations: 2911)
Completed 200 OK in 26ms (Views: 23.8ms | Allocations: 3748)


Started GET "/" for ::1 at 2022-04-12 15:41:44 +0200
Processing by HeadController#index as HTML
  Rendering layout layouts/application.html.erb
  Rendering head/index.html.erb within layouts/application
  Rendered head/index.html.erb within layouts/application (Duration: 2.0ms | Allocations: 175)
  Rendered layout layouts/application.html.erb (Duration: 34.0ms | Allocations: 5488)
Completed 200 OK in 40ms (Views: 38.2ms | Allocations: 6324)


Started GET "/" for ::1 at 2022-04-12 15:44:43 +0200
Processing by HeadController#index as HTML
  Rendering layout layouts/application.html.erb
  Rendering head/index.html.erb within layouts/application
  Rendered head/index.html.erb within layouts/application (Duration: 0.2ms | Allocations: 18)
  Rendered layout layouts/application.html.erb (Duration: 34.1ms | Allocations: 4784)
Completed 200 OK in 38ms (Views: 36.4ms | Allocations: 5067)


Started GET "/" for ::1 at 2022-04-12 15:47:11 +0200
Processing by HeadController#index as HTML
  Rendering layout layouts/application.html.erb
  Rendering head/index.html.erb within layouts/application
  Rendered head/index.html.erb within layouts/application (Duration: 1.2ms | Allocations: 192)
  Rendered layout layouts/application.html.erb (Duration: 30.9ms | Allocations: 5487)
Completed 200 OK in 37ms (Views: 35.3ms | Allocations: 6305)


Started GET "/" for ::1 at 2022-04-12 15:49:03 +0200
Processing by HeadController#index as HTML
  Rendering layout layouts/application.html.erb
  Rendering head/index.html.erb within layouts/application
  Rendered head/index.html.erb within layouts/application (Duration: 1.4ms | Allocations: 205)
  Rendered layout layouts/application.html.erb (Duration: 14.8ms | Allocations: 2928)
Completed 200 OK in 22ms (Views: 19.1ms | Allocations: 3765)


Started GET "/" for ::1 at 2022-04-12 16:06:45 +0200
Processing by HeadController#index as HTML
  Rendering layout layouts/application.html.erb
  Rendering head/index.html.erb within layouts/application
  Rendered head/index.html.erb within layouts/application (Duration: 2.1ms | Allocations: 267)
  Rendered layout layouts/application.html.erb (Duration: 30.7ms | Allocations: 5582)
Completed 200 OK in 38ms (Views: 35.9ms | Allocations: 6418)


Started GET "/" for ::1 at 2022-04-12 16:07:00 +0200
Processing by HeadController#index as HTML
  Rendering layout layouts/application.html.erb
  Rendering head/index.html.erb within layouts/application
  Rendered head/index.html.erb within layouts/application (Duration: 0.1ms | Allocations: 18)
  Rendered layout layouts/application.html.erb (Duration: 36.5ms | Allocations: 4788)
Completed 200 OK in 39ms (Views: 38.0ms | Allocations: 5071)


Started GET "/" for ::1 at 2022-04-12 16:07:12 +0200
Processing by HeadController#index as HTML
  Rendering layout layouts/application.html.erb
  Rendering head/index.html.erb within layouts/application
  Rendered head/index.html.erb within layouts/application (Duration: 0.2ms | Allocations: 18)
  Rendered layout layouts/application.html.erb (Duration: 29.2ms | Allocations: 4807)
Completed 200 OK in 31ms (Views: 30.7ms | Allocations: 5071)


Started GET "/" for ::1 at 2022-04-12 16:08:34 +0200
Processing by HeadController#index as HTML
  Rendering layout layouts/application.html.erb
  Rendering head/index.html.erb within layouts/application
  Rendered head/index.html.erb within layouts/application (Duration: 2.8ms | Allocations: 276)
  Rendered layout layouts/application.html.erb (Duration: 38.0ms | Allocations: 5625)
Completed 200 OK in 48ms (Views: 45.3ms | Allocations: 6443)


